<?xml version="1.0" encoding="UTF-8"?>
<!-- Generated by org.testng.reporters.JUnitReportReporter -->
<testsuite hostname="LAPTOP-ERR8R0T2" failures="0" tests="1" name="Download" time="23.872" errors="0" timestamp="2023-09-11T04:46:32 CST" skipped="0">
  <testcase classname="Download" name="login" time="23.872"/>
  <system-out/>
</testsuite> <!-- Download -->
