<?xml version="1.0" encoding="UTF-8"?>
<!-- Generated by org.testng.reporters.JUnitReportReporter -->
<testsuite hostname="LAPTOP-ERR8R0T2" failures="0" tests="1" name="ReadTable" time="8.142" errors="0" timestamp="2023-09-11T04:36:13 CST" skipped="0">
  <testcase classname="ReadTable" name="login" time="8.142"/>
  <system-out/>
</testsuite> <!-- ReadTable -->
